<?xml version="1.0" encoding="UTF-8"?>
<testsuites name="TestUserSuite" time="14" tests="2" failures="1" errors="0">
   <testsuite name="TestUserSuite" tests="2" failures="1" errors="0" time="14" timestamp="2019-11-03 13:43:58" hostname="poornima - DESKTOP-6QOUN2I" id="Test Suites/TestUserSuite">
      <properties>
         <property name="deviceName" value=""/>
         <property name="devicePlatform" value=""/>
         <property name="logFolder" value="C:\\Users\\poornima\\Downloads\\Katalon_Studio_Project_Working\\SampleProject\\Reports\\TestUserSuite\\20191103_134342"/>
         <property name="logFiles" value="C:\\Users\\poornima\\Downloads\\Katalon_Studio_Project_Working\\SampleProject\\Reports\\TestUserSuite\\20191103_134342\\execution0.log"/>
         <property name="attachments" value=""/>
         <property name="hostName" value="poornima - DESKTOP-6QOUN2I"/>
         <property name="hostAddress" value="192.168.25.1"/>
         <property name="os" value="Windows 10 64bit"/>
         <property name="katalonVersion" value="6.1.0.1"/>
      </properties>
      <testcase name="Test Cases/TestHTTPMethods" classname="Test Cases/TestHTTPMethods" status="PASSED">
         <system-out><![CDATA[2019-11-03 13:43:58 - [TEST_CASE][PASSED] - Test Cases/TestHTTPMethods: Test Cases/TestHTTPMethods

2019-11-03 13:43:59 - [TEST_STEP][PASSED] - response = sendRequest(findTestObject("UserRestServices/ListUsers")): Send request successfully

2019-11-03 13:44:04 - [MESSAGE][INFO] - HAR: C:\Users\poornima\Downloads\Katalon_Studio_Project_Working\SampleProject\Reports\TestUserSuite\20191103_134342\requests\main\0.har

2019-11-03 13:44:04 - [MESSAGE][PASSED] - Send request successfully

2019-11-03 13:44:04 - [TEST_STEP][PASSED] - sendRequestAndVerify(findTestObject("UserRestServices/CreateUser")): Send request and verify the response successfully

2019-11-03 13:44:04 - [TEST_CASE][PASSED] - Start Test Case : Verification: Verification accomplished successfully

2019-11-03 13:44:05 - [TEST_STEP][PASSED] - request = getInstance().getCurrentRequest(): null

2019-11-03 13:44:05 - [TEST_STEP][PASSED] - response = getInstance().getCurrentResponse(): null

2019-11-03 13:44:05 - [MESSAGE][PASSED] - Verify response successfully

2019-11-03 13:44:05 - [MESSAGE][PASSED] - Send request and verify the response successfully

2019-11-03 13:44:05 - [TEST_STEP][PASSED] - sendRequestAndVerify(findTestObject("UserRestServices/UpdateUser")): Send request and verify the response successfully

2019-11-03 13:44:06 - [TEST_CASE][PASSED] - Start Test Case : Verification: Verification accomplished successfully

2019-11-03 13:44:06 - [TEST_STEP][PASSED] - request = getInstance().getCurrentRequest(): null

2019-11-03 13:44:06 - [TEST_STEP][PASSED] - response = getInstance().getCurrentResponse(): null

2019-11-03 13:44:06 - [TEST_STEP][PASSED] - verifyResponseStatusCode(response, 200): Verify response status code successfully

2019-11-03 13:44:06 - [MESSAGE][PASSED] - Verify response status code successfully

2019-11-03 13:44:06 - [TEST_STEP][PASSED] - getStatusCode()).isEqualTo(200): null

2019-11-03 13:44:07 - [MESSAGE][PASSED] - Verify response successfully

2019-11-03 13:44:07 - [MESSAGE][PASSED] - Send request and verify the response successfully

2019-11-03 13:44:07 - [TEST_STEP][PASSED] - sendRequestAndVerify(findTestObject("UserRestServices/DeleteUser")): Send request and verify the response successfully

2019-11-03 13:44:07 - [TEST_CASE][PASSED] - Start Test Case : Verification: Verification accomplished successfully

2019-11-03 13:44:08 - [TEST_STEP][PASSED] - request = getInstance().getCurrentRequest(): null

2019-11-03 13:44:08 - [TEST_STEP][PASSED] - response = getInstance().getCurrentResponse(): null

2019-11-03 13:44:08 - [TEST_STEP][PASSED] - verifyResponseStatusCode(response, 204): Verify response status code successfully

2019-11-03 13:44:08 - [MESSAGE][PASSED] - Verify response status code successfully

2019-11-03 13:44:08 - [TEST_STEP][PASSED] - getStatusCode()).isEqualTo(204): null

2019-11-03 13:44:08 - [MESSAGE][PASSED] - Verify response successfully

2019-11-03 13:44:08 - [MESSAGE][PASSED] - Send request and verify the response successfully]]></system-out>
         <system-err><![CDATA[]]></system-err>
      </testcase>
      <testcase name="Test Cases/ListUserTestCase" classname="Test Cases/ListUserTestCase" status="FAILED">
         <failure type="FAILED" message="Test Cases/ListUserTestCase FAILED.
Reason:
com.kms.katalon.core.exception.StepFailedException: Expected elements count 5 is not equal with actual count 6
	at com.kms.katalon.core.keyword.internal.KeywordMain.stepFailed(KeywordMain.groovy:37)
	at com.kms.katalon.core.webservice.keyword.builtin.VerifyElementsCountKeyword$_verifyElementsCount_closure1.doCall(VerifyElementsCountKeyword.groovy:53)
	at com.kms.katalon.core.webservice.keyword.builtin.VerifyElementsCountKeyword$_verifyElementsCount_closure1.call(VerifyElementsCountKeyword.groovy)
	at com.kms.katalon.core.keyword.internal.KeywordMain.runKeyword(KeywordMain.groovy:66)
	at com.kms.katalon.core.webservice.keyword.builtin.VerifyElementsCountKeyword.verifyElementsCount(VerifyElementsCountKeyword.groovy:45)
	at com.kms.katalon.core.webservice.keyword.builtin.VerifyElementsCountKeyword.execute(VerifyElementsCountKeyword.groovy:40)
	at com.kms.katalon.core.keyword.internal.KeywordExecutor.executeKeywordForPlatform(KeywordExecutor.groovy:56)
	at com.kms.katalon.core.webservice.keyword.WSBuiltInKeywords.verifyElementsCount(WSBuiltInKeywords.groovy:80)
	at com.kms.katalon.core.webservice.keyword.WSBuiltInKeywords$verifyElementsCount$3.call(Unknown Source)
	at ListUserTestCase.run(ListUserTestCase:24)
	at com.kms.katalon.core.main.ScriptEngine.run(ScriptEngine.java:194)
	at com.kms.katalon.core.main.ScriptEngine.runScriptAsRawText(ScriptEngine.java:119)
	at com.kms.katalon.core.main.TestCaseExecutor.runScript(TestCaseExecutor.java:331)
	at com.kms.katalon.core.main.TestCaseExecutor.doExecute(TestCaseExecutor.java:322)
	at com.kms.katalon.core.main.TestCaseExecutor.processExecutionPhase(TestCaseExecutor.java:301)
	at com.kms.katalon.core.main.TestCaseExecutor.accessMainPhase(TestCaseExecutor.java:293)
	at com.kms.katalon.core.main.TestCaseExecutor.execute(TestCaseExecutor.java:227)
	at com.kms.katalon.core.main.TestSuiteExecutor.accessTestCaseMainPhase(TestSuiteExecutor.java:129)
	at com.kms.katalon.core.main.TestSuiteExecutor.accessTestSuiteMainPhase(TestSuiteExecutor.java:112)
	at com.kms.katalon.core.main.TestSuiteExecutor.execute(TestSuiteExecutor.java:81)
	at com.kms.katalon.core.main.TestCaseMain.startTestSuite(TestCaseMain.java:157)
	at com.kms.katalon.core.main.TestCaseMain$startTestSuite$0.call(Unknown Source)
	at TempTestSuite1572768827307.run(TempTestSuite1572768827307.groovy:35)
"/>
         <system-out><![CDATA[2019-11-03 13:44:08 - [TEST_CASE][FAILED] - Test Cases/ListUserTestCase: Test Cases/ListUserTestCase FAILED.
Reason:
com.kms.katalon.core.exception.StepFailedException: Expected elements count 5 is not equal with actual count 6
	at com.kms.katalon.core.keyword.internal.KeywordMain.stepFailed(KeywordMain.groovy:37)
	at com.kms.katalon.core.webservice.keyword.builtin.VerifyElementsCountKeyword$_verifyElementsCount_closure1.doCall(VerifyElementsCountKeyword.groovy:53)
	at com.kms.katalon.core.webservice.keyword.builtin.VerifyElementsCountKeyword$_verifyElementsCount_closure1.call(VerifyElementsCountKeyword.groovy)
	at com.kms.katalon.core.keyword.internal.KeywordMain.runKeyword(KeywordMain.groovy:66)
	at com.kms.katalon.core.webservice.keyword.builtin.VerifyElementsCountKeyword.verifyElementsCount(VerifyElementsCountKeyword.groovy:45)
	at com.kms.katalon.core.webservice.keyword.builtin.VerifyElementsCountKeyword.execute(VerifyElementsCountKeyword.groovy:40)
	at com.kms.katalon.core.keyword.internal.KeywordExecutor.executeKeywordForPlatform(KeywordExecutor.groovy:56)
	at com.kms.katalon.core.webservice.keyword.WSBuiltInKeywords.verifyElementsCount(WSBuiltInKeywords.groovy:80)
	at com.kms.katalon.core.webservice.keyword.WSBuiltInKeywords$verifyElementsCount$3.call(Unknown Source)
	at ListUserTestCase.run(ListUserTestCase:24)
	at com.kms.katalon.core.main.ScriptEngine.run(ScriptEngine.java:194)
	at com.kms.katalon.core.main.ScriptEngine.runScriptAsRawText(ScriptEngine.java:119)
	at com.kms.katalon.core.main.TestCaseExecutor.runScript(TestCaseExecutor.java:331)
	at com.kms.katalon.core.main.TestCaseExecutor.doExecute(TestCaseExecutor.java:322)
	at com.kms.katalon.core.main.TestCaseExecutor.processExecutionPhase(TestCaseExecutor.java:301)
	at com.kms.katalon.core.main.TestCaseExecutor.accessMainPhase(TestCaseExecutor.java:293)
	at com.kms.katalon.core.main.TestCaseExecutor.execute(TestCaseExecutor.java:227)
	at com.kms.katalon.core.main.TestSuiteExecutor.accessTestCaseMainPhase(TestSuiteExecutor.java:129)
	at com.kms.katalon.core.main.TestSuiteExecutor.accessTestSuiteMainPhase(TestSuiteExecutor.java:112)
	at com.kms.katalon.core.main.TestSuiteExecutor.execute(TestSuiteExecutor.java:81)
	at com.kms.katalon.core.main.TestCaseMain.startTestSuite(TestCaseMain.java:157)
	at com.kms.katalon.core.main.TestCaseMain$startTestSuite$0.call(Unknown Source)
	at TempTestSuite1572768827307.run(TempTestSuite1572768827307.groovy:35)


2019-11-03 13:44:08 - [TEST_STEP][PASSED] - response = sendRequest(findTestObject("UserRestServices/ListUsers")): Send request successfully

2019-11-03 13:44:09 - [MESSAGE][INFO] - HAR: C:\Users\poornima\Downloads\Katalon_Studio_Project_Working\SampleProject\Reports\TestUserSuite\20191103_134342\requests\main\1.har

2019-11-03 13:44:09 - [MESSAGE][PASSED] - Send request successfully

2019-11-03 13:44:09 - [TEST_STEP][PASSED] - sendRequestAndVerify(findTestObject("UserRestServices/ListUsers")): Send request and verify the response successfully

2019-11-03 13:44:09 - [TEST_CASE][PASSED] - Start Test Case : Verification: Verification accomplished successfully

2019-11-03 13:44:09 - [TEST_STEP][PASSED] - request = getInstance().getCurrentRequest(): null

2019-11-03 13:44:09 - [TEST_STEP][PASSED] - response = getInstance().getCurrentResponse(): null

2019-11-03 13:44:09 - [TEST_STEP][PASSED] - verifyResponseStatusCode(response, 200): Verify response status code successfully

2019-11-03 13:44:09 - [MESSAGE][PASSED] - Verify response status code successfully

2019-11-03 13:44:09 - [TEST_STEP][PASSED] - getStatusCode()).isEqualTo(200): null

2019-11-03 13:44:09 - [MESSAGE][PASSED] - Verify response successfully

2019-11-03 13:44:09 - [MESSAGE][PASSED] - Send request and verify the response successfully

2019-11-03 13:44:09 - [TEST_STEP][PASSED] - verifyElementPropertyValue(response, "data[2].first_name", "Tobias"): Verify element property value successfully

2019-11-03 13:44:09 - [MESSAGE][PASSED] - Verify element property value successfully

2019-11-03 13:44:09 - [TEST_STEP][PASSED] - verifyElementPropertyValue(response, "data[4].first_name", "George"): Verify element property value successfully

2019-11-03 13:44:09 - [MESSAGE][PASSED] - Verify element property value successfully

2019-11-03 13:44:09 - [TEST_STEP][FAILED] - verifyElementsCount(response, "data", 5, CONTINUE_ON_FAILURE): Expected elements count 5 is not equal with actual count 6

2019-11-03 13:44:09 - [MESSAGE][FAILED] - Expected elements count 5 is not equal with actual count 6

2019-11-03 13:44:09 - [TEST_STEP][PASSED] - verifyElementsCount(response, "data", 6): Verify element count successfully

2019-11-03 13:44:09 - [MESSAGE][PASSED] - Verify element count successfully

2019-11-03 13:44:09 - [TEST_STEP][PASSED] - verifyResponseStatusCodeInRange(response, 100, 200): Verify response status code successfully

2019-11-03 13:44:09 - [MESSAGE][PASSED] - Verify response status code successfully

2019-11-03 13:44:09 - [TEST_STEP][PASSED] - verifyResponseStatusCodeInRange(response, 100, 500): Verify response status code successfully

2019-11-03 13:44:09 - [MESSAGE][PASSED] - Verify response status code successfully

2019-11-03 13:44:09 - [TEST_STEP][FAILED] - verifyAlertPresent(0, CONTINUE_ON_FAILURE): verifyAlertPresent(0, CONTINUE_ON_FAILURE) FAILED.
Reason:
com.kms.katalon.core.exception.StepFailedException: Expected elements count 5 is not equal with actual count 6
	at com.kms.katalon.core.keyword.internal.KeywordMain.stepFailed(KeywordMain.groovy:37)
	at com.kms.katalon.core.webservice.keyword.builtin.VerifyElementsCountKeyword$_verifyElementsCount_closure1.doCall(VerifyElementsCountKeyword.groovy:53)
	at com.kms.katalon.core.webservice.keyword.builtin.VerifyElementsCountKeyword$_verifyElementsCount_closure1.call(VerifyElementsCountKeyword.groovy)
	at com.kms.katalon.core.keyword.internal.KeywordMain.runKeyword(KeywordMain.groovy:66)
	at com.kms.katalon.core.webservice.keyword.builtin.VerifyElementsCountKeyword.verifyElementsCount(VerifyElementsCountKeyword.groovy:45)
	at com.kms.katalon.core.webservice.keyword.builtin.VerifyElementsCountKeyword.execute(VerifyElementsCountKeyword.groovy:40)
	at com.kms.katalon.core.keyword.internal.KeywordExecutor.executeKeywordForPlatform(KeywordExecutor.groovy:56)
	at com.kms.katalon.core.webservice.keyword.WSBuiltInKeywords.verifyElementsCount(WSBuiltInKeywords.groovy:80)
	at com.kms.katalon.core.webservice.keyword.WSBuiltInKeywords$verifyElementsCount$3.call(Unknown Source)
	at ListUserTestCase.run(ListUserTestCase:24)
	at com.kms.katalon.core.main.ScriptEngine.run(ScriptEngine.java:194)
	at com.kms.katalon.core.main.ScriptEngine.runScriptAsRawText(ScriptEngine.java:119)
	at com.kms.katalon.core.main.TestCaseExecutor.runScript(TestCaseExecutor.java:331)
	at com.kms.katalon.core.main.TestCaseExecutor.doExecute(TestCaseExecutor.java:322)
	at com.kms.katalon.core.main.TestCaseExecutor.processExecutionPhase(TestCaseExecutor.java:301)
	at com.kms.katalon.core.main.TestCaseExecutor.accessMainPhase(TestCaseExecutor.java:293)
	at com.kms.katalon.core.main.TestCaseExecutor.execute(TestCaseExecutor.java:227)
	at com.kms.katalon.core.main.TestSuiteExecutor.accessTestCaseMainPhase(TestSuiteExecutor.java:129)
	at com.kms.katalon.core.main.TestSuiteExecutor.accessTestSuiteMainPhase(TestSuiteExecutor.java:112)
	at com.kms.katalon.core.main.TestSuiteExecutor.execute(TestSuiteExecutor.java:81)
	at com.kms.katalon.core.main.TestCaseMain.startTestSuite(TestCaseMain.java:157)
	at com.kms.katalon.core.main.TestCaseMain$startTestSuite$0.call(Unknown Source)
	at TempTestSuite1572768827307.run(TempTestSuite1572768827307.groovy:35)


2019-11-03 13:44:10 - [MESSAGE][WARNING] - Timeout '0' is invalid. Using default page load timeout: '30'

2019-11-03 13:44:10 - [MESSAGE][WARNING] - Cannot take screenshot

2019-11-03 13:44:10 - [MESSAGE][FAILED] - Unable to verify alert present (Root cause: com.kms.katalon.core.exception.StepFailedException: Unable to verify alert present
	at com.kms.katalon.core.webui.keyword.internal.WebUIKeywordMain.stepFailed(WebUIKeywordMain.groovy:64)
	at com.kms.katalon.core.webui.keyword.internal.WebUIKeywordMain.runKeyword(WebUIKeywordMain.groovy:26)
	at com.kms.katalon.core.webui.keyword.builtin.VerifyAlertPresentKeyword.verifyAlertPresent(VerifyAlertPresentKeyword.groovy:72)
	at com.kms.katalon.core.webui.keyword.builtin.VerifyAlertPresentKeyword.execute(VerifyAlertPresentKeyword.groovy:67)
	at com.kms.katalon.core.keyword.internal.KeywordExecutor.executeKeywordForPlatform(KeywordExecutor.groovy:56)
	at com.kms.katalon.core.webui.keyword.WebUiBuiltInKeywords.verifyAlertPresent(WebUiBuiltInKeywords.groovy:1617)
	at com.kms.katalon.core.webui.keyword.WebUiBuiltInKeywords$verifyAlertPresent.call(Unknown Source)
	at ListUserTestCase.run(ListUserTestCase:32)
	at com.kms.katalon.core.main.ScriptEngine.run(ScriptEngine.java:194)
	at com.kms.katalon.core.main.ScriptEngine.runScriptAsRawText(ScriptEngine.java:119)
	at com.kms.katalon.core.main.TestCaseExecutor.runScript(TestCaseExecutor.java:331)
	at com.kms.katalon.core.main.TestCaseExecutor.doExecute(TestCaseExecutor.java:322)
	at com.kms.katalon.core.main.TestCaseExecutor.processExecutionPhase(TestCaseExecutor.java:301)
	at com.kms.katalon.core.main.TestCaseExecutor.accessMainPhase(TestCaseExecutor.java:293)
	at com.kms.katalon.core.main.TestCaseExecutor.execute(TestCaseExecutor.java:227)
	at com.kms.katalon.core.main.TestSuiteExecutor.accessTestCaseMainPhase(TestSuiteExecutor.java:129)
	at com.kms.katalon.core.main.TestSuiteExecutor.accessTestSuiteMainPhase(TestSuiteExecutor.java:112)
	at com.kms.katalon.core.main.TestSuiteExecutor.execute(TestSuiteExecutor.java:81)
	at com.kms.katalon.core.main.TestCaseMain.startTestSuite(TestCaseMain.java:157)
	at com.kms.katalon.core.main.TestCaseMain$startTestSuite$0.call(Unknown Source)
	at TempTestSuite1572768827307.run(TempTestSuite1572768827307.groovy:35)
Caused by: com.kms.katalon.core.webui.exception.BrowserNotOpenedException: Browser is not opened
Build info: version: '3.7.1', revision: '8a0099a', time: '2017-11-06T21:07:36.161Z'
System info: host: 'DESKTOP-6QOUN2I', ip: '192.168.25.1', os.name: 'Windows 10', os.arch: 'amd64', os.version: '10.0', java.version: '1.8.0_181'
Driver info: driver.version: unknown
	at com.kms.katalon.core.webui.driver.DriverFactory.verifyWebDriverIsOpen(DriverFactory.java:632)
	at com.kms.katalon.core.webui.driver.DriverFactory.waitForAlert(DriverFactory.java:708)
	at com.kms.katalon.core.webui.keyword.builtin.VerifyAlertPresentKeyword$_verifyAlertPresent_closure1.doCall(VerifyAlertPresentKeyword.groovy:74)
	at com.kms.katalon.core.webui.keyword.builtin.VerifyAlertPresentKeyword$_verifyAlertPresent_closure1.call(VerifyAlertPresentKeyword.groovy)
	at com.kms.katalon.core.webui.keyword.internal.WebUIKeywordMain.runKeyword(WebUIKeywordMain.groovy:20)
	at com.kms.katalon.core.webui.keyword.builtin.VerifyAlertPresentKeyword.verifyAlertPresent(VerifyAlertPresentKeyword.groovy:72)
	at com.kms.katalon.core.webui.keyword.builtin.VerifyAlertPresentKeyword.execute(VerifyAlertPresentKeyword.groovy:67)
	at com.kms.katalon.core.keyword.internal.KeywordExecutor.executeKeywordForPlatform(KeywordExecutor.groovy:56)
	at com.kms.katalon.core.webui.keyword.WebUiBuiltInKeywords.verifyAlertPresent(WebUiBuiltInKeywords.groovy:1617)
	at com.kms.katalon.core.webui.keyword.WebUiBuiltInKeywords$verifyAlertPresent.call(Unknown Source)
	at Script1572664223958.run(Script1572664223958.groovy:32)
	... 13 more
)

2019-11-03 13:44:10 - [MESSAGE][FAILED] - verifyAlertPresent(0, CONTINUE_ON_FAILURE) FAILED.
Reason:
com.kms.katalon.core.exception.StepFailedException: Expected elements count 5 is not equal with actual count 6
	at com.kms.katalon.core.keyword.internal.KeywordMain.stepFailed(KeywordMain.groovy:37)
	at com.kms.katalon.core.webservice.keyword.builtin.VerifyElementsCountKeyword$_verifyElementsCount_closure1.doCall(VerifyElementsCountKeyword.groovy:53)
	at com.kms.katalon.core.webservice.keyword.builtin.VerifyElementsCountKeyword$_verifyElementsCount_closure1.call(VerifyElementsCountKeyword.groovy)
	at com.kms.katalon.core.keyword.internal.KeywordMain.runKeyword(KeywordMain.groovy:66)
	at com.kms.katalon.core.webservice.keyword.builtin.VerifyElementsCountKeyword.verifyElementsCount(VerifyElementsCountKeyword.groovy:45)
	at com.kms.katalon.core.webservice.keyword.builtin.VerifyElementsCountKeyword.execute(VerifyElementsCountKeyword.groovy:40)
	at com.kms.katalon.core.keyword.internal.KeywordExecutor.executeKeywordForPlatform(KeywordExecutor.groovy:56)
	at com.kms.katalon.core.webservice.keyword.WSBuiltInKeywords.verifyElementsCount(WSBuiltInKeywords.groovy:80)
	at com.kms.katalon.core.webservice.keyword.WSBuiltInKeywords$verifyElementsCount$3.call(Unknown Source)
	at ListUserTestCase.run(ListUserTestCase:24)
	at com.kms.katalon.core.main.ScriptEngine.run(ScriptEngine.java:194)
	at com.kms.katalon.core.main.ScriptEngine.runScriptAsRawText(ScriptEngine.java:119)
	at com.kms.katalon.core.main.TestCaseExecutor.runScript(TestCaseExecutor.java:331)
	at com.kms.katalon.core.main.TestCaseExecutor.doExecute(TestCaseExecutor.java:322)
	at com.kms.katalon.core.main.TestCaseExecutor.processExecutionPhase(TestCaseExecutor.java:301)
	at com.kms.katalon.core.main.TestCaseExecutor.accessMainPhase(TestCaseExecutor.java:293)
	at com.kms.katalon.core.main.TestCaseExecutor.execute(TestCaseExecutor.java:227)
	at com.kms.katalon.core.main.TestSuiteExecutor.accessTestCaseMainPhase(TestSuiteExecutor.java:129)
	at com.kms.katalon.core.main.TestSuiteExecutor.accessTestSuiteMainPhase(TestSuiteExecutor.java:112)
	at com.kms.katalon.core.main.TestSuiteExecutor.execute(TestSuiteExecutor.java:81)
	at com.kms.katalon.core.main.TestCaseMain.startTestSuite(TestCaseMain.java:157)
	at com.kms.katalon.core.main.TestCaseMain$startTestSuite$0.call(Unknown Source)
	at TempTestSuite1572768827307.run(TempTestSuite1572768827307.groovy:35)]]></system-out>
         <system-err><![CDATA[2019-11-03 13:44:08 - [TEST_CASE][FAILED] - Test Cases/ListUserTestCase: Test Cases/ListUserTestCase FAILED.
Reason:
com.kms.katalon.core.exception.StepFailedException: Expected elements count 5 is not equal with actual count 6
	at com.kms.katalon.core.keyword.internal.KeywordMain.stepFailed(KeywordMain.groovy:37)
	at com.kms.katalon.core.webservice.keyword.builtin.VerifyElementsCountKeyword$_verifyElementsCount_closure1.doCall(VerifyElementsCountKeyword.groovy:53)
	at com.kms.katalon.core.webservice.keyword.builtin.VerifyElementsCountKeyword$_verifyElementsCount_closure1.call(VerifyElementsCountKeyword.groovy)
	at com.kms.katalon.core.keyword.internal.KeywordMain.runKeyword(KeywordMain.groovy:66)
	at com.kms.katalon.core.webservice.keyword.builtin.VerifyElementsCountKeyword.verifyElementsCount(VerifyElementsCountKeyword.groovy:45)
	at com.kms.katalon.core.webservice.keyword.builtin.VerifyElementsCountKeyword.execute(VerifyElementsCountKeyword.groovy:40)
	at com.kms.katalon.core.keyword.internal.KeywordExecutor.executeKeywordForPlatform(KeywordExecutor.groovy:56)
	at com.kms.katalon.core.webservice.keyword.WSBuiltInKeywords.verifyElementsCount(WSBuiltInKeywords.groovy:80)
	at com.kms.katalon.core.webservice.keyword.WSBuiltInKeywords$verifyElementsCount$3.call(Unknown Source)
	at ListUserTestCase.run(ListUserTestCase:24)
	at com.kms.katalon.core.main.ScriptEngine.run(ScriptEngine.java:194)
	at com.kms.katalon.core.main.ScriptEngine.runScriptAsRawText(ScriptEngine.java:119)
	at com.kms.katalon.core.main.TestCaseExecutor.runScript(TestCaseExecutor.java:331)
	at com.kms.katalon.core.main.TestCaseExecutor.doExecute(TestCaseExecutor.java:322)
	at com.kms.katalon.core.main.TestCaseExecutor.processExecutionPhase(TestCaseExecutor.java:301)
	at com.kms.katalon.core.main.TestCaseExecutor.accessMainPhase(TestCaseExecutor.java:293)
	at com.kms.katalon.core.main.TestCaseExecutor.execute(TestCaseExecutor.java:227)
	at com.kms.katalon.core.main.TestSuiteExecutor.accessTestCaseMainPhase(TestSuiteExecutor.java:129)
	at com.kms.katalon.core.main.TestSuiteExecutor.accessTestSuiteMainPhase(TestSuiteExecutor.java:112)
	at com.kms.katalon.core.main.TestSuiteExecutor.execute(TestSuiteExecutor.java:81)
	at com.kms.katalon.core.main.TestCaseMain.startTestSuite(TestCaseMain.java:157)
	at com.kms.katalon.core.main.TestCaseMain$startTestSuite$0.call(Unknown Source)
	at TempTestSuite1572768827307.run(TempTestSuite1572768827307.groovy:35)]]></system-err>
      </testcase>
      <testcase name="Test Cases/CreateUserTestCase" classname="Test Cases/CreateUserTestCase" status="PASSED">
         <system-out><![CDATA[2019-11-03 13:44:10 - [TEST_CASE][PASSED] - Test Cases/CreateUserTestCase: Test Cases/CreateUserTestCase

2019-11-03 13:44:10 - [TEST_STEP][PASSED] - sendRequest(findTestObject("UserRestServices/CreateUser"), CONTINUE_ON_FAILURE): Send request successfully

2019-11-03 13:44:11 - [MESSAGE][INFO] - HAR: C:\Users\poornima\Downloads\Katalon_Studio_Project_Working\SampleProject\Reports\TestUserSuite\20191103_134342\requests\main\2.har

2019-11-03 13:44:11 - [MESSAGE][PASSED] - Send request successfully

2019-11-03 13:44:11 - [TEST_STEP][PASSED] - response = sendRequestAndVerify(findTestObject("UserRestServices/CreateUser")): Send request and verify the response successfully

2019-11-03 13:44:12 - [TEST_CASE][PASSED] - Start Test Case : Verification: Verification accomplished successfully

2019-11-03 13:44:12 - [TEST_STEP][PASSED] - request = getInstance().getCurrentRequest(): null

2019-11-03 13:44:12 - [TEST_STEP][PASSED] - response = getInstance().getCurrentResponse(): null

2019-11-03 13:44:12 - [MESSAGE][PASSED] - Verify response successfully

2019-11-03 13:44:12 - [MESSAGE][PASSED] - Send request and verify the response successfully

2019-11-03 13:44:12 - [TEST_STEP][PASSED] - verifyResponseStatusCode(response, 201): Verify response status code successfully

2019-11-03 13:44:12 - [MESSAGE][PASSED] - Verify response status code successfully]]></system-out>
         <system-err><![CDATA[]]></system-err>
      </testcase>
      <system-out><![CDATA[2019-11-03 13:43:58 - [TEST_SUITE][FAILED] - TestUserSuite: Test Cases/ListUserTestCase FAILED.
Reason:
com.kms.katalon.core.exception.StepFailedException: Expected elements count 5 is not equal with actual count 6
	at com.kms.katalon.core.keyword.internal.KeywordMain.stepFailed(KeywordMain.groovy:37)
	at com.kms.katalon.core.webservice.keyword.builtin.VerifyElementsCountKeyword$_verifyElementsCount_closure1.doCall(VerifyElementsCountKeyword.groovy:53)
	at com.kms.katalon.core.webservice.keyword.builtin.VerifyElementsCountKeyword$_verifyElementsCount_closure1.call(VerifyElementsCountKeyword.groovy)
	at com.kms.katalon.core.keyword.internal.KeywordMain.runKeyword(KeywordMain.groovy:66)
	at com.kms.katalon.core.webservice.keyword.builtin.VerifyElementsCountKeyword.verifyElementsCount(VerifyElementsCountKeyword.groovy:45)
	at com.kms.katalon.core.webservice.keyword.builtin.VerifyElementsCountKeyword.execute(VerifyElementsCountKeyword.groovy:40)
	at com.kms.katalon.core.keyword.internal.KeywordExecutor.executeKeywordForPlatform(KeywordExecutor.groovy:56)
	at com.kms.katalon.core.webservice.keyword.WSBuiltInKeywords.verifyElementsCount(WSBuiltInKeywords.groovy:80)
	at com.kms.katalon.core.webservice.keyword.WSBuiltInKeywords$verifyElementsCount$3.call(Unknown Source)
	at ListUserTestCase.run(ListUserTestCase:24)
	at com.kms.katalon.core.main.ScriptEngine.run(ScriptEngine.java:194)
	at com.kms.katalon.core.main.ScriptEngine.runScriptAsRawText(ScriptEngine.java:119)
	at com.kms.katalon.core.main.TestCaseExecutor.runScript(TestCaseExecutor.java:331)
	at com.kms.katalon.core.main.TestCaseExecutor.doExecute(TestCaseExecutor.java:322)
	at com.kms.katalon.core.main.TestCaseExecutor.processExecutionPhase(TestCaseExecutor.java:301)
	at com.kms.katalon.core.main.TestCaseExecutor.accessMainPhase(TestCaseExecutor.java:293)
	at com.kms.katalon.core.main.TestCaseExecutor.execute(TestCaseExecutor.java:227)
	at com.kms.katalon.core.main.TestSuiteExecutor.accessTestCaseMainPhase(TestSuiteExecutor.java:129)
	at com.kms.katalon.core.main.TestSuiteExecutor.accessTestSuiteMainPhase(TestSuiteExecutor.java:112)
	at com.kms.katalon.core.main.TestSuiteExecutor.execute(TestSuiteExecutor.java:81)
	at com.kms.katalon.core.main.TestCaseMain.startTestSuite(TestCaseMain.java:157)
	at com.kms.katalon.core.main.TestCaseMain$startTestSuite$0.call(Unknown Source)
	at TempTestSuite1572768827307.run(TempTestSuite1572768827307.groovy:35)]]></system-out>
      <system-err><![CDATA[2019-11-03 13:43:58 - [TEST_SUITE][FAILED] - TestUserSuite: Test Cases/ListUserTestCase FAILED.
Reason:
com.kms.katalon.core.exception.StepFailedException: Expected elements count 5 is not equal with actual count 6
	at com.kms.katalon.core.keyword.internal.KeywordMain.stepFailed(KeywordMain.groovy:37)
	at com.kms.katalon.core.webservice.keyword.builtin.VerifyElementsCountKeyword$_verifyElementsCount_closure1.doCall(VerifyElementsCountKeyword.groovy:53)
	at com.kms.katalon.core.webservice.keyword.builtin.VerifyElementsCountKeyword$_verifyElementsCount_closure1.call(VerifyElementsCountKeyword.groovy)
	at com.kms.katalon.core.keyword.internal.KeywordMain.runKeyword(KeywordMain.groovy:66)
	at com.kms.katalon.core.webservice.keyword.builtin.VerifyElementsCountKeyword.verifyElementsCount(VerifyElementsCountKeyword.groovy:45)
	at com.kms.katalon.core.webservice.keyword.builtin.VerifyElementsCountKeyword.execute(VerifyElementsCountKeyword.groovy:40)
	at com.kms.katalon.core.keyword.internal.KeywordExecutor.executeKeywordForPlatform(KeywordExecutor.groovy:56)
	at com.kms.katalon.core.webservice.keyword.WSBuiltInKeywords.verifyElementsCount(WSBuiltInKeywords.groovy:80)
	at com.kms.katalon.core.webservice.keyword.WSBuiltInKeywords$verifyElementsCount$3.call(Unknown Source)
	at ListUserTestCase.run(ListUserTestCase:24)
	at com.kms.katalon.core.main.ScriptEngine.run(ScriptEngine.java:194)
	at com.kms.katalon.core.main.ScriptEngine.runScriptAsRawText(ScriptEngine.java:119)
	at com.kms.katalon.core.main.TestCaseExecutor.runScript(TestCaseExecutor.java:331)
	at com.kms.katalon.core.main.TestCaseExecutor.doExecute(TestCaseExecutor.java:322)
	at com.kms.katalon.core.main.TestCaseExecutor.processExecutionPhase(TestCaseExecutor.java:301)
	at com.kms.katalon.core.main.TestCaseExecutor.accessMainPhase(TestCaseExecutor.java:293)
	at com.kms.katalon.core.main.TestCaseExecutor.execute(TestCaseExecutor.java:227)
	at com.kms.katalon.core.main.TestSuiteExecutor.accessTestCaseMainPhase(TestSuiteExecutor.java:129)
	at com.kms.katalon.core.main.TestSuiteExecutor.accessTestSuiteMainPhase(TestSuiteExecutor.java:112)
	at com.kms.katalon.core.main.TestSuiteExecutor.execute(TestSuiteExecutor.java:81)
	at com.kms.katalon.core.main.TestCaseMain.startTestSuite(TestCaseMain.java:157)
	at com.kms.katalon.core.main.TestCaseMain$startTestSuite$0.call(Unknown Source)
	at TempTestSuite1572768827307.run(TempTestSuite1572768827307.groovy:35)]]></system-err>
   </testsuite>
</testsuites>
